[16:53:38] [ServerMain/INFO]: [bootstrap] Running Java 22 (Java HotSpot(TM) 64-Bit Server VM 22.0.2+9-70; Oracle Corporation null) on Linux 6.1.0-22-cloud-amd64 (amd64)
[16:53:38] [ServerMain/INFO]: [bootstrap] Loading Paper 1.21-124-master@df3b654 (2024-08-02T00:02:38Z) for Minecraft 1.21
[16:53:38] [ServerMain/INFO]: [PluginInitializerManager] Initializing plugins...
[16:53:38] [ServerMain/INFO]: [PluginInitializerManager] Initialized 0 plugins
[16:53:44] [ServerMain/INFO]: Environment: Environment[sessionHost=https://sessionserver.mojang.com, servicesHost=https://api.minecraftservices.com, name=PROD]
[16:53:45] [ServerMain/INFO]: Found new data pack file/bukkit, loading it automatically
[16:53:45] [ServerMain/INFO]: Found new data pack paper, loading it automatically
[16:53:46] [ServerMain/INFO]: No existing world data, creating new world
[16:53:46] [ServerMain/INFO]: Loaded 1290 recipes
[16:53:47] [ServerMain/INFO]: Loaded 1399 advancements
[16:53:47] [Server thread/INFO]: Starting minecraft server version 1.21
[16:53:47] [Server thread/WARN]: ****************************
[16:53:47] [Server thread/WARN]: YOU ARE RUNNING THIS SERVER AS AN ADMINISTRATIVE OR ROOT USER. THIS IS NOT ADVISED.
[16:53:47] [Server thread/WARN]: YOU ARE OPENING YOURSELF UP TO POTENTIAL RISKS WHEN DOING THIS.
[16:53:47] [Server thread/WARN]: FOR MORE INFORMATION, SEE https://madelinemiller.dev/blog/root-minecraft-server/
[16:53:47] [Server thread/WARN]: ****************************
[16:53:47] [Server thread/INFO]: Loading properties
[16:53:47] [Server thread/INFO]: This server is running Paper version 1.21-124-master@df3b654 (2024-08-02T00:02:38Z) (Implementing API version 1.21-R0.1-SNAPSHOT)
[16:53:48] [Server thread/INFO]: [spark] This server bundles the spark profiler. For more information please visit https://docs.papermc.io/paper/profiling
[16:53:48] [Server thread/INFO]: Server Ping Player Sample Count: 12
[16:53:48] [Server thread/INFO]: Using 4 threads for Netty based IO
[16:53:49] [Server thread/INFO]: [ChunkTaskScheduler] Chunk system is using 1 I/O threads, 1 worker threads, and population gen parallelism of 1 threads
[16:53:49] [Server thread/INFO]: Default game type: SURVIVAL
[16:53:49] [Server thread/INFO]: Generating keypair
[16:53:49] [Server thread/INFO]: Starting Minecraft server on *:25565
[16:53:49] [Server thread/INFO]: Using epoll channel type
[16:53:49] [Server thread/INFO]: Paper: Using libdeflate (Linux x86_64) compression from Velocity.
[16:53:49] [Server thread/INFO]: Paper: Using OpenSSL 3.0.x (Linux x86_64) cipher from Velocity.
[16:53:50] [Server thread/INFO]: Preparing level "world"
[16:54:08] [Server thread/INFO]: Preparing start region for dimension minecraft:overworld
[16:54:19] [Server thread/INFO]: Time elapsed: 11461 ms
[16:54:19] [Server thread/INFO]: Preparing start region for dimension minecraft:the_nether
[16:54:23] [Server thread/INFO]: Time elapsed: 4054 ms
[16:54:23] [Server thread/INFO]: Preparing start region for dimension minecraft:the_end
[16:54:24] [Server thread/INFO]: Time elapsed: 1092 ms
[16:54:24] [Server thread/INFO]: [spark] Starting background profiler...
[16:54:25] [Server thread/INFO]: Done preparing level "world" (35.056s)
[16:54:25] [Server thread/INFO]: Running delayed init tasks
[16:54:25] [Server thread/INFO]: Done (48.172s)! For help, type "help"
[16:54:25] [Server thread/INFO]: *************************************************************************************
[16:54:25] [Server thread/INFO]: This is the first time you're starting this server.
[16:54:25] [Server thread/INFO]: It's recommended you read our 'Getting Started' documentation for guidance.
[16:54:25] [Server thread/INFO]: View this and more helpful information here: https://docs.papermc.io/paper/next-steps
[16:54:25] [Server thread/INFO]: *************************************************************************************
[16:54:25] [Server thread/INFO]: Timings Reset
[16:54:53] [Server thread/INFO]: [Not Secure] [Server] hello world
[17:22:47] [User Authenticator #0/INFO]: UUID of player BlockCity4K is e5f05c89-3022-409b-8909-885be0d94150
[17:22:49] [Server thread/INFO]: BlockCity4K joined the game
[17:22:49] [Server thread/INFO]: BlockCity4K[/98.98.37.186:46494] logged in with entity id 45 at ([world]84.5, 66.0, 96.5)
[17:23:29] [Server thread/INFO]: TPS from last 1m, 5m, 15m: 19.98, 20.0, 20.0
[17:24:07] [Server thread/INFO]: BlockCity4K lost connection: Disconnected
[17:24:08] [Server thread/INFO]: BlockCity4K left the game
[17:32:54] [Server thread/INFO]: Stopping the server
[17:32:54] [Server thread/WARN]: java.lang.Throwable: Server stopped
[17:32:54] [Server thread/WARN]: 	at io.papermc.paper.util.TraceUtil.dumpTraceForThread(TraceUtil.java:16)
[17:32:54] [Server thread/WARN]: 	at net.minecraft.server.MinecraftServer.safeShutdown(MinecraftServer.java:1141)
[17:32:54] [Server thread/WARN]: 	at net.minecraft.server.MinecraftServer.halt(MinecraftServer.java:1136)
[17:32:54] [Server thread/WARN]: 	at net.minecraft.server.commands.StopCommand.lambda$register$2(StopCommand.java:12)
[17:32:54] [Server thread/WARN]: 	at com.mojang.brigadier.context.ContextChain.runExecutable(ContextChain.java:73)
[17:32:54] [Server thread/WARN]: 	at net.minecraft.commands.execution.tasks.ExecuteCommand.execute(ExecuteCommand.java:31)
[17:32:54] [Server thread/WARN]: 	at net.minecraft.commands.execution.tasks.ExecuteCommand.execute(ExecuteCommand.java:19)
[17:32:54] [Server thread/WARN]: 	at net.minecraft.commands.execution.UnboundEntryAction.lambda$bind$0(UnboundEntryAction.java:8)
[17:32:54] [Server thread/WARN]: 	at net.minecraft.commands.execution.CommandQueueEntry.execute(CommandQueueEntry.java:5)
[17:32:54] [Server thread/WARN]: 	at net.minecraft.commands.execution.ExecutionContext.runCommandQueue(ExecutionContext.java:103)
[17:32:54] [Server thread/WARN]: 	at net.minecraft.commands.Commands.executeCommandInContext(Commands.java:443)
[17:32:54] [Server thread/WARN]: 	at net.minecraft.commands.Commands.performCommand(Commands.java:350)
[17:32:54] [Server thread/WARN]: 	at net.minecraft.commands.Commands.performCommand(Commands.java:337)
[17:32:54] [Server thread/WARN]: 	at net.minecraft.commands.Commands.performPrefixedCommand(Commands.java:327)
[17:32:54] [Server thread/WARN]: 	at org.bukkit.craftbukkit.command.VanillaCommandWrapper.execute(VanillaCommandWrapper.java:55)
[17:32:54] [Server thread/WARN]: 	at org.bukkit.command.SimpleCommandMap.dispatch(SimpleCommandMap.java:165)
[17:32:54] [Server thread/WARN]: 	at org.bukkit.craftbukkit.CraftServer.dispatchCommand(CraftServer.java:1000)
[17:32:54] [Server thread/WARN]: 	at org.bukkit.craftbukkit.CraftServer.dispatchServerCommand(CraftServer.java:985)
[17:32:54] [Server thread/WARN]: 	at net.minecraft.server.dedicated.DedicatedServer.handleConsoleInputs(DedicatedServer.java:526)
[17:32:54] [Server thread/WARN]: 	at net.minecraft.server.dedicated.DedicatedServer.tickChildren(DedicatedServer.java:474)
[17:32:54] [Server thread/WARN]: 	at net.minecraft.server.MinecraftServer.tickServer(MinecraftServer.java:1598)
[17:32:54] [Server thread/WARN]: 	at net.minecraft.server.MinecraftServer.runServer(MinecraftServer.java:1304)
[17:32:54] [Server thread/WARN]: 	at net.minecraft.server.MinecraftServer.lambda$spin$0(MinecraftServer.java:330)
[17:32:54] [Server thread/WARN]: 	at java.base/java.lang.Thread.run(Thread.java:1570)
[17:32:54] [Server thread/INFO]: Stopping server
[17:32:54] [Server thread/INFO]: Saving players
[17:32:54] [Server thread/INFO]: Saving worlds
[17:32:54] [Server thread/INFO]: Saving chunks for level 'ServerLevel[world]'/minecraft:overworld
[17:32:54] [Server thread/INFO]: [ChunkHolderManager] Waiting 60s for chunk system to halt for world 'world'
[17:32:54] [Server thread/INFO]: [ChunkHolderManager] Halted chunk system for world 'world'
[17:32:54] [Server thread/INFO]: [ChunkHolderManager] Saving all chunkholders for world 'world'
[17:32:54] [Server thread/INFO]: [ChunkHolderManager] Saved 257 block chunks, 89 entity chunks, 0 poi chunks in world 'world' in 0.47s
[17:32:54] [Server thread/INFO]: Saving chunks for level 'ServerLevel[world_nether]'/minecraft:the_nether
[17:32:54] [Server thread/INFO]: [ChunkHolderManager] Waiting 60s for chunk system to halt for world 'world_nether'
[17:32:54] [Server thread/INFO]: [ChunkHolderManager] Halted chunk system for world 'world_nether'
[17:32:54] [Server thread/INFO]: [ChunkHolderManager] Saving all chunkholders for world 'world_nether'
[17:32:54] [Server thread/INFO]: [ChunkHolderManager] Saved 792 block chunks, 1 entity chunks, 0 poi chunks in world 'world_nether' in 0.20s
[17:32:54] [Server thread/INFO]: Saving chunks for level 'ServerLevel[world_the_end]'/minecraft:the_end
[17:32:54] [Server thread/INFO]: [ChunkHolderManager] Waiting 60s for chunk system to halt for world 'world_the_end'
[17:32:54] [Server thread/INFO]: [ChunkHolderManager] Halted chunk system for world 'world_the_end'
[17:32:54] [Server thread/INFO]: [ChunkHolderManager] Saving all chunkholders for world 'world_the_end'
[17:32:55] [Server thread/INFO]: [ChunkHolderManager] Saved 792 block chunks, 10 entity chunks, 0 poi chunks in world 'world_the_end' in 0.20s
[17:32:55] [Server thread/INFO]: ThreadedAnvilChunkStorage (world): All chunks are saved
[17:32:55] [Server thread/INFO]: ThreadedAnvilChunkStorage (DIM-1): All chunks are saved
[17:32:55] [Server thread/INFO]: ThreadedAnvilChunkStorage (DIM1): All chunks are saved
[17:32:55] [Server thread/INFO]: ThreadedAnvilChunkStorage: All dimensions are saved
[17:32:55] [Thread-0/WARN]: java.lang.Throwable: Server stopped
[17:32:55] [Thread-0/WARN]: 	at io.papermc.paper.util.TraceUtil.dumpTraceForThread(TraceUtil.java:16)
[17:32:55] [Thread-0/WARN]: 	at net.minecraft.server.MinecraftServer.safeShutdown(MinecraftServer.java:1141)
[17:32:55] [Thread-0/WARN]: 	at org.bukkit.craftbukkit.util.ServerShutdownThread.run(ServerShutdownThread.java:16)
